2020-06-02 12:51:48[WARN] user: dw2018
GET /custom_fields
AVOID eager loading detected
  CustomField => [:custom_field_type]
  Remove from your finder: :includes => [:custom_field_type]
Call stack

2020-06-02 12:58:05[WARN] user: dw2018
GET /custom_fields
AVOID eager loading detected
  CustomField => [:custom_field_type]
  Remove from your finder: :includes => [:custom_field_type]
Call stack

2020-06-02 13:05:21[WARN] user: dw2018
GET /custom_fields
AVOID eager loading detected
  CustomField => [:custom_field_type]
  Remove from your finder: :includes => [:custom_field_type]
Call stack

2020-06-02 13:05:35[WARN] user: dw2018
GET /my_lists/new
USE eager loading detected
  Tag => [:tag_type]
  Add to your finder: :includes => [:tag_type]
Call stack
  /home/dw2018/Documents/02.6/mosson-backend/app/helpers/application_helper.rb:42:in `block in tags_with_type'
  /home/dw2018/Documents/02.6/mosson-backend/app/helpers/application_helper.rb:41:in `tags_with_type'
  /home/dw2018/Documents/02.6/mosson-backend/app/views/my_lists/_form.html.slim:19:in `block (2 levels) in _app_views_my_lists__form_html_slim___3042697422730325099_69885188663180'
  /home/dw2018/Documents/02.6/mosson-backend/app/views/my_lists/_form.html.slim:16:in `block in _app_views_my_lists__form_html_slim___3042697422730325099_69885188663180'
  /home/dw2018/Documents/02.6/mosson-backend/app/views/my_lists/_form.html.slim:1:in `_app_views_my_lists__form_html_slim___3042697422730325099_69885188663180'
  /home/dw2018/Documents/02.6/mosson-backend/app/views/my_lists/new.html.slim:6:in `_app_views_my_lists_new_html_slim__4458528672370271406_69885188917360'

2020-06-02 13:05:35[WARN] user: dw2018
GET /my_lists/new
USE eager loading detected
  Horse => [:common_horse]
  Add to your finder: :includes => [:common_horse]
Call stack
  /home/dw2018/Documents/02.6/mosson-backend/app/models/horse.rb:28:in `title'
  /home/dw2018/Documents/02.6/mosson-backend/app/views/my_lists/_form.html.slim:23:in `block (2 levels) in _app_views_my_lists__form_html_slim___3042697422730325099_69885188663180'
  /home/dw2018/Documents/02.6/mosson-backend/app/views/my_lists/_form.html.slim:20:in `block in _app_views_my_lists__form_html_slim___3042697422730325099_69885188663180'
  /home/dw2018/Documents/02.6/mosson-backend/app/views/my_lists/_form.html.slim:1:in `_app_views_my_lists__form_html_slim___3042697422730325099_69885188663180'
  /home/dw2018/Documents/02.6/mosson-backend/app/views/my_lists/new.html.slim:6:in `_app_views_my_lists_new_html_slim__4458528672370271406_69885188917360'

